
> @ilm/mobile@0.1.0 build /home/kuper/ss/teacherOs/ilm/apps/mobile
> expo export

Starting Metro Bundler
Android Bundled 6286ms node_modules/.pnpm/expo-router@4.0.22_126462925ed29e9d3b89554d2cb18b74/node_modules/expo-router/entry.js (1400 modules)
iOS Bundled 8441ms node_modules/.pnpm/expo-router@4.0.22_126462925ed29e9d3b89554d2cb18b74/node_modules/expo-router/entry.js (1403 modules)
Static rendering is enabled. Learn more: https://docs.expo.dev/router/reference/static-rendering/
λ Bundled 26397ms node_modules/.pnpm/expo-router@4.0.22_126462925ed29e9d3b89554d2cb18b74/node_modules/expo-router/node/render.js (1366 modules)
Web Bundled 27143ms node_modules/.pnpm/expo-router@4.0.22_126462925ed29e9d3b89554d2cb18b74/node_modules/expo-router/entry.js (1140 modules)

› android bundles (1):
_expo/static/js/android/entry-a6abb297573c0f39a7faf5d85c532a27.hbc (3.51 MB)

› ios bundles (1):
_expo/static/js/ios/entry-25be017d572ff1996748af0f70996fd9.hbc (3.51 MB)

› web bundles (1):
_expo/static/js/web/entry-8ce3ff2742b2efebda29f7b68512a7c0.js (1.57 MB)

› Static routes (24):
/tips (25 kB)
/plan (26.8 kB)
/ (index) (16.9 kB)
/grade (26.8 kB)
/_sitemap (35.4 kB)
/messages (25 kB)
/progress (25 kB)
/settings (25 kB)
/+not-found (18.1 kB)
/auth (17.2 kB)
/(parent) (25 kB)
/(student)/tips (25 kB)
/(teacher)/plan (26.8 kB)
/(student) (25 kB)
/(teacher)/grade (26.8 kB)
/(teacher) (26.8 kB)
/onboarding (17.2 kB)
/(parent)/messages (25 kB)
/(parent)/progress (25 kB)
/(parent)/settings (25 kB)
/(student)/progress (25 kB)
/(student)/settings (25 kB)
/(teacher)/messages (26.8 kB)
/(teacher)/settings (26.8 kB)

Exported: dist
